#
# A fatal error has been detected by the Java Runtime Environment:
#
#  SIGSEGV (0xb) at pc=0x00007f9866c44c39, pid=17260, tid=0x00007f982f5f7700
#
# JRE version: Java(TM) SE Runtime Environment (8.0_191-b12) (build 1.8.0_191-b12)
# Java VM: Java HotSpot(TM) 64-Bit Server VM (25.191-b12 mixed mode linux-amd64 compressed oops)
# Problematic frame:
# C  [libawt_xawt.so+0x3fc39]  ReadRegionsInList.constprop.5+0x4e9
#
# Failed to write core dump. Core dumps have been disabled. To enable core dumping, try "ulimit -c unlimited" before starting Java again
#
# If you would like to submit a bug report, please visit:
#   http://bugreport.java.com/bugreport/crash.jsp
# The crash happened outside the Java Virtual Machine in native code.
# See problematic frame for where to report the bug.
#

---------------  T H R E A D  ---------------

Current thread (0x00007f9818001800):  JavaThread "pool-2-thread-10" [_thread_in_native, id=17297, stack(0x00007f982f4f7000,0x00007f982f5f8000)]

siginfo: si_signo: 11 (SIGSEGV), si_code: 1 (SEGV_MAPERR), si_addr: 0x0000000000000068

Registers:
RAX=0x0000000000000285, RBX=0x0000000000000000, RCX=0x0000000000000285, RDX=0x0000000000000000
RSP=0x00007f982f5f6280, RBP=0x00007f982f5f6360, RSI=0x0000000000000000, RDI=0x0000000000000000
R8 =0x00007f982f5f6324, R9 =0x0000000000000002, R10=0x00007f98a027cb60, R11=0x00000000000001f4
R12=0x0000000000000000, R13=0x00000000000002e4, R14=0x00007f980c024050, R15=0x00007f980c023d90
RIP=0x00007f9866c44c39, EFLAGS=0x0000000000010246, CSGSFS=0x002b000000000033, ERR=0x0000000000000004
  TRAPNO=0x000000000000000e

Top of Stack: (sp=0x00007f982f5f6280)
0x00007f982f5f6280:   0438078000000000 00000780666f1e85
0x00007f982f5f6290:   0000000200000000 00007f982f5f6328
0x00007f982f5f62a0:   00007f982f5f6324 00007f982f5f6320
0x00007f982f5f62b0:   00007f982f5f631c 0000000000000438
0x00007f982f5f62c0:   00007f9800000284 00007f98981a5390
0x00007f982f5f62d0:   0000000000000198 00007f980c023f70
0x00007f982f5f62e0:   0000000000000000 0000017900000000
0x00007f982f5f62f0:   0000000000000000 0000000000000285
0x00007f982f5f6300:   0438078000000179 0000000000000285
0x00007f982f5f6310:   0000000000000000 0000001000000000
0x00007f982f5f6320:   0000000000000008 00007f980c0240e0
0x00007f982f5f6330:   0000001800000000 0438078000000000
0x00007f982f5f6340:   0000000000000780 0000000000000000
0x00007f982f5f6350:   00007f982f5f63d0 0000000000000438
0x00007f982f5f6360:   00007f982f5f6440 00007f9866c451e6
0x00007f982f5f6370:   00007f980c022ca0 00007f9866c451a4
0x00007f982f5f6380:   0000000000da0033 0000000000420000
0x00007f982f5f6390:   00007f98981a5390 0000000000000000
0x00007f982f5f63a0:   00007f9800000438 00007f98981a5390
0x00007f982f5f63b0:   00007f982f5f64e8 00007f98981a5390
0x00007f982f5f63c0:   000000002f5f64e8 0000000000000000
0x00007f982f5f63d0:   0000000000000000 00007f982f5f6404
0x00007f982f5f63e0:   00007f9800000005 0000000000ff0000
0x00007f982f5f63f0:   000000000000ff00 00000000000000ff
0x00007f982f5f6400:   0000010000000008 0438078000000000
0x00007f982f5f6410:   000000040000000e 00007f98180019f8
0x00007f982f5f6420:   0000000000000000 00007f98981a5390
0x00007f982f5f6430:   0000000000000000 000000000000014d
0x00007f982f5f6440:   00007f982f5f6530 00007f9866c3cc60
0x00007f982f5f6450:   000000000000005e 00007f980c0478e0
0x00007f982f5f6460:   0000000000000000 0000000000000000
0x00007f982f5f6470:   000000000000005e 00007f980c0239a0 

Instructions: (pc=0x00007f9866c44c39)
0x00007f9866c44c19:   45 8c 03 45 90 89 45 a0 49 8d 44 24 01 45 31 e4
0x00007f9866c44c29:   48 89 45 98 0f 1f 00 44 89 e6 8b 55 ac 48 89 df
0x00007f9866c44c39:   ff 53 68 4d 8b 57 08 8b 4d bc 48 98 48 8b 75 c8
0x00007f9866c44c49:   49 8b 52 18 49 8b 7a 20 48 21 c2 48 21 c7 49 23 

Register to memory mapping:

RAX=0x0000000000000285 is an unknown value
RBX=0x0000000000000000 is an unknown value
RCX=0x0000000000000285 is an unknown value
RDX=0x0000000000000000 is an unknown value
RSP=0x00007f982f5f6280 is pointing into the stack for thread: 0x00007f9818001800
RBP=0x00007f982f5f6360 is pointing into the stack for thread: 0x00007f9818001800
RSI=0x0000000000000000 is an unknown value
RDI=0x0000000000000000 is an unknown value
R8 =0x00007f982f5f6324 is pointing into the stack for thread: 0x00007f9818001800
R9 =0x0000000000000002 is an unknown value
R10=0x00007f98a027cb60: <offset 0xfd5b60> in /usr/lib/jvm/java-8-oracle/jre/lib/amd64/server/libjvm.so at 0x00007f989f2a7000
R11=0x00000000000001f4 is an unknown value
R12=0x0000000000000000 is an unknown value
R13=0x00000000000002e4 is an unknown value
R14=0x00007f980c024050 is an unknown value
R15=0x00007f980c023d90 is an unknown value


Stack: [0x00007f982f4f7000,0x00007f982f5f8000],  sp=0x00007f982f5f6280,  free space=1020k
Native frames: (J=compiled Java code, j=interpreted, Vv=VM code, C=native code)
C  [libawt_xawt.so+0x3fc39]  ReadRegionsInList.constprop.5+0x4e9
C  [libawt_xawt.so+0x401e6]  ReadAreaToImage+0x86
C  [libawt_xawt.so+0x37c60]  Java_sun_awt_X11_XRobotPeer_getRGBPixelsImpl+0x120
J 2255  sun.awt.X11.XRobotPeer.getRGBPixelsImpl(Lsun/awt/X11GraphicsConfig;IIII[I)V (0 bytes) @ 0x00007f98897984a0 [0x00007f98897982e0+0x1c0]
j  sun.awt.X11.XRobotPeer.getRGBPixels(Ljava/awt/Rectangle;)[I+33
j  java.awt.Robot.createScreenCapture(Ljava/awt/Rectangle;)Ljava/awt/image/BufferedImage;+50
J 2254 C1 app.CaptureScreen$2.run()V (581 bytes) @ 0x00007f988979995c [0x00007f98897997a0+0x1bc]
J 2173 C2 java.util.concurrent.ScheduledThreadPoolExecutor$ScheduledFutureTask.run()V (59 bytes) @ 0x00007f9889269770 [0x00007f9889269580+0x1f0]
j  java.util.concurrent.ThreadPoolExecutor.runWorker(Ljava/util/concurrent/ThreadPoolExecutor$Worker;)V+95
j  java.util.concurrent.ThreadPoolExecutor$Worker.run()V+5
j  java.lang.Thread.run()V+11
v  ~StubRoutines::call_stub
V  [libjvm.so+0x6852db]  JavaCalls::call_helper(JavaValue*, methodHandle*, JavaCallArguments*, Thread*)+0xddb
V  [libjvm.so+0x682ba3]  JavaCalls::call_virtual(JavaValue*, KlassHandle, Symbol*, Symbol*, JavaCallArguments*, Thread*)+0x263
V  [libjvm.so+0x683167]  JavaCalls::call_virtual(JavaValue*, Handle, KlassHandle, Symbol*, Symbol*, Thread*)+0x47
V  [libjvm.so+0x6ef0ec]  thread_entry(JavaThread*, Thread*)+0x6c
V  [libjvm.so+0xa76f9b]  JavaThread::thread_main_inner()+0xdb
V  [libjvm.so+0xa7722f]  JavaThread::run()+0x25f
V  [libjvm.so+0x909c92]  java_start(Thread*)+0x102
C  [libpthread.so.0+0x76db]  start_thread+0xdb

Java frames: (J=compiled Java code, j=interpreted, Vv=VM code)
J 2255  sun.awt.X11.XRobotPeer.getRGBPixelsImpl(Lsun/awt/X11GraphicsConfig;IIII[I)V (0 bytes) @ 0x00007f9889798358 [0x00007f98897982e0+0x78]
j  sun.awt.X11.XRobotPeer.getRGBPixels(Ljava/awt/Rectangle;)[I+33
j  java.awt.Robot.createScreenCapture(Ljava/awt/Rectangle;)Ljava/awt/image/BufferedImage;+50
J 2254 C1 app.CaptureScreen$2.run()V (581 bytes) @ 0x00007f988979995c [0x00007f98897997a0+0x1bc]
J 2173 C2 java.util.concurrent.ScheduledThreadPoolExecutor$ScheduledFutureTask.run()V (59 bytes) @ 0x00007f9889269770 [0x00007f9889269580+0x1f0]
j  java.util.concurrent.ThreadPoolExecutor.runWorker(Ljava/util/concurrent/ThreadPoolExecutor$Worker;)V+95
j  java.util.concurrent.ThreadPoolExecutor$Worker.run()V+5
j  java.lang.Thread.run()V+11
v  ~StubRoutines::call_stub

---------------  P R O C E S S  ---------------

Java Threads: ( => current thread )
=>0x00007f9818001800 JavaThread "pool-2-thread-10" [_thread_in_native, id=17297, stack(0x00007f982f4f7000,0x00007f982f5f8000)]
  0x00007f9834012000 JavaThread "pool-2-thread-9" [_thread_blocked, id=17296, stack(0x00007f982f5f8000,0x00007f982f6f9000)]
  0x00007f9824004800 JavaThread "pool-2-thread-8" [_thread_blocked, id=17295, stack(0x00007f982f6f9000,0x00007f982f7fa000)]
  0x00007f9828001000 JavaThread "pool-2-thread-7" [_thread_blocked, id=17294, stack(0x00007f982f9fa000,0x00007f982fafb000)]
  0x00007f9820001000 JavaThread "pool-2-thread-6" [_thread_blocked, id=17293, stack(0x00007f982fafb000,0x00007f982fbfc000)]
  0x00007f9834014000 JavaThread "pool-2-thread-5" [_thread_blocked, id=17292, stack(0x00007f982fbfc000,0x00007f982fcfd000)]
  0x00007f9828004800 JavaThread "pool-2-thread-4" [_thread_blocked, id=17291, stack(0x00007f982fcfd000,0x00007f982fdfe000)]
  0x00007f983406c000 JavaThread "pool-2-thread-3" [_thread_blocked, id=17290, stack(0x00007f982fdfe000,0x00007f982feff000)]
  0x00007f983406f800 JavaThread "pool-2-thread-2" [_thread_blocked, id=17289, stack(0x00007f982feff000,0x00007f9830000000)]
  0x00007f9838051800 JavaThread "pool-2-thread-1" [_thread_blocked, id=17287, stack(0x00007f98648c4000,0x00007f98649c5000)]
  0x00007f9838009000 JavaThread "pool-1-thread-1" [_thread_blocked, id=17285, stack(0x00007f98649c5000,0x00007f9864ac6000)]
  0x00007f9838004000 JavaThread "Thread-0" [_thread_in_native, id=17284, stack(0x00007f9864ac6000,0x00007f9864bc7000)]
  0x00007f989800b800 JavaThread "DestroyJavaVM" [_thread_blocked, id=17265, stack(0x00007f98a0dc3000,0x00007f98a0ec3000)]
  0x00007f989823e800 JavaThread "AWT-EventQueue-0" [_thread_blocked, id=17283, stack(0x00007f9864bc7000,0x00007f9864cc8000)]
  0x00007f989823d800 JavaThread "AWT-Shutdown" [_thread_blocked, id=17282, stack(0x00007f9864cc8000,0x00007f9864dc9000)]
  0x00007f989821a800 JavaThread "AWT-XAWT" daemon [_thread_blocked, id=17281, stack(0x00007f9864dc9000,0x00007f9864eca000)]
  0x00007f98981f8800 JavaThread "Java2D Disposer" daemon [_thread_blocked, id=17280, stack(0x00007f98652da000,0x00007f98653db000)]
  0x00007f98980c2000 JavaThread "Service Thread" daemon [_thread_blocked, id=17278, stack(0x00007f986722d000,0x00007f986732e000)]
  0x00007f98980bf000 JavaThread "C1 CompilerThread2" daemon [_thread_blocked, id=17277, stack(0x00007f986732f000,0x00007f986742f000)]
  0x00007f98980bd800 JavaThread "C2 CompilerThread1" daemon [_thread_blocked, id=17276, stack(0x00007f9867430000,0x00007f9867530000)]
  0x00007f98980ba800 JavaThread "C2 CompilerThread0" daemon [_thread_blocked, id=17275, stack(0x00007f9867531000,0x00007f9867631000)]
  0x00007f98980b9000 JavaThread "Signal Dispatcher" daemon [_thread_blocked, id=17274, stack(0x00007f98780ad000,0x00007f98781ae000)]
  0x00007f9898086000 JavaThread "Finalizer" daemon [_thread_blocked, id=17273, stack(0x00007f98781ae000,0x00007f98782af000)]
  0x00007f9898083800 JavaThread "Reference Handler" daemon [_thread_blocked, id=17272, stack(0x00007f98782af000,0x00007f98783b0000)]

Other Threads:
  0x00007f989807a000 VMThread [stack: 0x00007f98880f2000,0x00007f98881f2000] [id=17271]
  0x00007f98980c7000 WatcherThread [stack: 0x00007f986712d000,0x00007f986722d000] [id=17279]

VM state:not at safepoint (normal execution)

VM Mutex/Monitor currently owned by a thread: None

Heap:
 PSYoungGen      total 220672K, used 193921K [0x00000000d7d00000, 0x00000000f0600000, 0x0000000100000000)
  eden space 220160K, 88% used [0x00000000d7d00000,0x00000000e3a606d8,0x00000000e5400000)
  from space 512K, 0% used [0x00000000f0580000,0x00000000f0580000,0x00000000f0600000)
  to   space 3584K, 0% used [0x00000000eff00000,0x00000000eff00000,0x00000000f0280000)
 ParOldGen       total 170496K, used 26193K [0x0000000087600000, 0x0000000091c80000, 0x00000000d7d00000)
  object space 170496K, 15% used [0x0000000087600000,0x0000000088f945f8,0x0000000091c80000)
 Metaspace       used 12679K, capacity 12870K, committed 13056K, reserved 1060864K
  class space    used 1364K, capacity 1447K, committed 1536K, reserved 1048576K

Card table byte_map: [0x00007f989d6df000,0x00007f989daa5000] byte_map_base: 0x00007f989d2a4000

Marking Bits: (ParMarkBitMap*) 0x00007f98a026dd40
 Begin Bits: [0x00007f98783b0000, 0x00007f987a1d8000)
 End Bits:   [0x00007f987a1d8000, 0x00007f987c000000)

Polling page: 0x00007f98a0edd000

CodeCache: size=245760Kb used=7915Kb max_used=8004Kb free=237844Kb
 bounds [0x00007f9889000000, 0x00007f9889800000, 0x00007f9898000000]
 total_blobs=2706 nmethods=2169 adapters=450
 compilation: enabled

Compilation events (10 events):
Event: 53.613 Thread 0x00007f98980bf000 2392       3       sun.awt.X11.XPropertyEvent::get_atom (20 bytes)
Event: 53.613 Thread 0x00007f98980bf000 nmethod 2392 0x00007f9889247e10 code [0x00007f9889247fa0, 0x00007f9889248368]
Event: 54.013 Thread 0x00007f98980bf000 2393       3       com.google.zxing.qrcode.decoder.Mode::getCharacterCountBits (36 bytes)
Event: 54.013 Thread 0x00007f98980bf000 nmethod 2393 0x00007f98892b06d0 code [0x00007f98892b0840, 0x00007f98892b0b10]
Event: 54.013 Thread 0x00007f98980bf000 2394       3       com.google.zxing.common.DecoderResult::<init> (55 bytes)
Event: 54.013 Thread 0x00007f98980bf000 nmethod 2394 0x00007f988923fc50 code [0x00007f988923fdc0, 0x00007f9889240030]
Event: 54.111 Thread 0x00007f98980bd800 2395       4       sun.swing.ImageCache$Entry::equals (147 bytes)
Event: 54.113 Thread 0x00007f98980bd800 nmethod 2395 0x00007f98892ef8d0 code [0x00007f98892efa40, 0x00007f98892efcd8]
Event: 54.291 Thread 0x00007f98980bd800 2396       4       java.awt.EventQueue::eventToCacheIndex (80 bytes)
Event: 54.292 Thread 0x00007f98980bd800 nmethod 2396 0x00007f9889339510 code [0x00007f9889339660, 0x00007f9889339718]

GC Heap History (10 events):
Event: 47.922 GC heap before
{Heap before GC invocations=34 (full 9):
 PSYoungGen      total 248320K, used 413K [0x00000000d7d00000, 0x00000000f0980000, 0x0000000100000000)
  eden space 245248K, 0% used [0x00000000d7d00000,0x00000000d7d00000,0x00000000e6c80000)
  from space 3072K, 13% used [0x00000000f0380000,0x00000000f03e7490,0x00000000f0680000)
  to   space 3072K, 0% used [0x00000000f0680000,0x00000000f0680000,0x00000000f0980000)
 ParOldGen       total 170496K, used 117314K [0x0000000087600000, 0x0000000091c80000, 0x00000000d7d00000)
  object space 170496K, 68% used [0x0000000087600000,0x000000008e890ad0,0x0000000091c80000)
 Metaspace       used 12613K, capacity 12806K, committed 13056K, reserved 1060864K
  class space    used 1364K, capacity 1447K, committed 1536K, reserved 1048576K
Event: 47.930 GC heap after
Heap after GC invocations=34 (full 9):
 PSYoungGen      total 248320K, used 0K [0x00000000d7d00000, 0x00000000f0980000, 0x0000000100000000)
  eden space 245248K, 0% used [0x00000000d7d00000,0x00000000d7d00000,0x00000000e6c80000)
  from space 3072K, 0% used [0x00000000f0380000,0x00000000f0380000,0x00000000f0680000)
  to   space 3072K, 0% used [0x00000000f0680000,0x00000000f0680000,0x00000000f0980000)
 ParOldGen       total 170496K, used 26191K [0x0000000087600000, 0x0000000091c80000, 0x00000000d7d00000)
  object space 170496K, 15% used [0x0000000087600000,0x0000000088f93c60,0x0000000091c80000)
 Metaspace       used 12613K, capacity 12806K, committed 13056K, reserved 1060864K
  class space    used 1364K, capacity 1447K, committed 1536K, reserved 1048576K
}
Event: 49.783 GC heap before
{Heap before GC invocations=35 (full 9):
 PSYoungGen      total 248320K, used 244756K [0x00000000d7d00000, 0x00000000f0980000, 0x0000000100000000)
  eden space 245248K, 99% used [0x00000000d7d00000,0x00000000e6c05038,0x00000000e6c80000)
  from space 3072K, 0% used [0x00000000f0380000,0x00000000f0380000,0x00000000f0680000)
  to   space 3072K, 0% used [0x00000000f0680000,0x00000000f0680000,0x00000000f0980000)
 ParOldGen       total 170496K, used 26191K [0x0000000087600000, 0x0000000091c80000, 0x00000000d7d00000)
  object space 170496K, 15% used [0x0000000087600000,0x0000000088f93c60,0x0000000091c80000)
 Metaspace       used 12614K, capacity 12806K, committed 13056K, reserved 1060864K
  class space    used 1364K, capacity 1447K, committed 1536K, reserved 1048576K
Event: 49.787 GC heap after
Heap after GC invocations=35 (full 9):
 PSYoungGen      total 239104K, used 2185K [0x00000000d7d00000, 0x00000000f0900000, 0x0000000100000000)
  eden space 236544K, 0% used [0x00000000d7d00000,0x00000000d7d00000,0x00000000e6400000)
  from space 2560K, 85% used [0x00000000f0680000,0x00000000f08a2410,0x00000000f0900000)
  to   space 3072K, 0% used [0x00000000f0300000,0x00000000f0300000,0x00000000f0600000)
 ParOldGen       total 170496K, used 60616K [0x0000000087600000, 0x0000000091c80000, 0x00000000d7d00000)
  object space 170496K, 35% used [0x0000000087600000,0x000000008b1320b0,0x0000000091c80000)
 Metaspace       used 12614K, capacity 12806K, committed 13056K, reserved 1060864K
  class space    used 1364K, capacity 1447K, committed 1536K, reserved 1048576K
}
Event: 51.575 GC heap before
{Heap before GC invocations=36 (full 9):
 PSYoungGen      total 239104K, used 238632K [0x00000000d7d00000, 0x00000000f0900000, 0x0000000100000000)
  eden space 236544K, 99% used [0x00000000d7d00000,0x00000000e63e7d80,0x00000000e6400000)
  from space 2560K, 85% used [0x00000000f0680000,0x00000000f08a2410,0x00000000f0900000)
  to   space 3072K, 0% used [0x00000000f0300000,0x00000000f0300000,0x00000000f0600000)
 ParOldGen       total 170496K, used 60616K [0x0000000087600000, 0x0000000091c80000, 0x00000000d7d00000)
  object space 170496K, 35% used [0x0000000087600000,0x000000008b1320b0,0x0000000091c80000)
 Metaspace       used 12618K, capacity 12806K, committed 13056K, reserved 1060864K
  class space    used 1364K, capacity 1447K, committed 1536K, reserved 1048576K
Event: 51.580 GC heap after
Heap after GC invocations=36 (full 9):
 PSYoungGen      total 230912K, used 2281K [0x00000000d7d00000, 0x00000000f0700000, 0x0000000100000000)
  eden space 228352K, 0% used [0x00000000d7d00000,0x00000000d7d00000,0x00000000e5c00000)
  from space 2560K, 89% used [0x00000000f0300000,0x00000000f053a410,0x00000000f0580000)
  to   space 1536K, 0% used [0x00000000f0580000,0x00000000f0580000,0x00000000f0700000)
 ParOldGen       total 170496K, used 95041K [0x0000000087600000, 0x0000000091c80000, 0x00000000d7d00000)
  object space 170496K, 55% used [0x0000000087600000,0x000000008d2d0500,0x0000000091c80000)
 Metaspace       used 12618K, capacity 12806K, committed 13056K, reserved 1060864K
  class space    used 1364K, capacity 1447K, committed 1536K, reserved 1048576K
}
Event: 53.292 GC heap before
{Heap before GC invocations=37 (full 9):
 PSYoungGen      total 230912K, used 230058K [0x00000000d7d00000, 0x00000000f0700000, 0x0000000100000000)
  eden space 228352K, 99% used [0x00000000d7d00000,0x00000000e5b70618,0x00000000e5c00000)
  from space 2560K, 89% used [0x00000000f0300000,0x00000000f053a410,0x00000000f0580000)
  to   space 1536K, 0% used [0x00000000f0580000,0x00000000f0580000,0x00000000f0700000)
 ParOldGen       total 170496K, used 95041K [0x0000000087600000, 0x0000000091c80000, 0x00000000d7d00000)
  object space 170496K, 55% used [0x0000000087600000,0x000000008d2d0500,0x0000000091c80000)
 Metaspace       used 12679K, capacity 12870K, committed 13056K, reserved 1060864K
  class space    used 1364K, capacity 1447K, committed 1536K, reserved 1048576K
Event: 53.296 GC heap after
Heap after GC invocations=37 (full 9):
 PSYoungGen      total 220672K, used 160K [0x00000000d7d00000, 0x00000000f0600000, 0x0000000100000000)
  eden space 220160K, 0% used [0x00000000d7d00000,0x00000000d7d00000,0x00000000e5400000)
  from space 512K, 31% used [0x00000000f0580000,0x00000000f05a8000,0x00000000f0600000)
  to   space 3584K, 0% used [0x00000000eff00000,0x00000000eff00000,0x00000000f0280000)
 ParOldGen       total 170496K, used 143649K [0x0000000087600000, 0x0000000091c80000, 0x00000000d7d00000)
  object space 170496K, 84% used [0x0000000087600000,0x0000000090248560,0x0000000091c80000)
 Metaspace       used 12679K, capacity 12870K, committed 13056K, reserved 1060864K
  class space    used 1364K, capacity 1447K, committed 1536K, reserved 1048576K
}
Event: 53.296 GC heap before
{Heap before GC invocations=38 (full 10):
 PSYoungGen      total 220672K, used 160K [0x00000000d7d00000, 0x00000000f0600000, 0x0000000100000000)
  eden space 220160K, 0% used [0x00000000d7d00000,0x00000000d7d00000,0x00000000e5400000)
  from space 512K, 31% used [0x00000000f0580000,0x00000000f05a8000,0x00000000f0600000)
  to   space 3584K, 0% used [0x00000000eff00000,0x00000000eff00000,0x00000000f0280000)
 ParOldGen       total 170496K, used 143649K [0x0000000087600000, 0x0000000091c80000, 0x00000000d7d00000)
  object space 170496K, 84% used [0x0000000087600000,0x0000000090248560,0x0000000091c80000)
 Metaspace       used 12679K, capacity 12870K, committed 13056K, reserved 1060864K
  class space    used 1364K, capacity 1447K, committed 1536K, reserved 1048576K
Event: 53.305 GC heap after
Heap after GC invocations=38 (full 10):
 PSYoungGen      total 220672K, used 0K [0x00000000d7d00000, 0x00000000f0600000, 0x0000000100000000)
  eden space 220160K, 0% used [0x00000000d7d00000,0x00000000d7d00000,0x00000000e5400000)
  from space 512K, 0% used [0x00000000f0580000,0x00000000f0580000,0x00000000f0600000)
  to   space 3584K, 0% used [0x00000000eff00000,0x00000000eff00000,0x00000000f0280000)
 ParOldGen       total 170496K, used 26193K [0x0000000087600000, 0x0000000091c80000, 0x00000000d7d00000)
  object space 170496K, 15% used [0x0000000087600000,0x0000000088f945f8,0x0000000091c80000)
 Metaspace       used 12679K, capacity 12870K, committed 13056K, reserved 1060864K
  class space    used 1364K, capacity 1447K, committed 1536K, reserved 1048576K
}

Deoptimization events (10 events):
Event: 15.825 Thread 0x00007f989823e800 Uncommon trap: reason=unstable_if action=reinterpret pc=0x00007f988935c5a8 method=java.lang.String.<init>([CII)V @ 18
Event: 16.769 Thread 0x00007f9818001800 Uncommon trap: reason=unstable_if action=reinterpret pc=0x00007f988942a2b4 method=com.google.zxing.aztec.detector.Detector.isValid(II)Z @ 16
Event: 16.769 Thread 0x00007f9818001800 Uncommon trap: reason=unstable_if action=reinterpret pc=0x00007f9889420da0 method=com.google.zxing.aztec.detector.Detector.isValid(II)Z @ 16
Event: 16.770 Thread 0x00007f9818001800 Uncommon trap: reason=unstable_if action=reinterpret pc=0x00007f988935b934 method=com.google.zxing.aztec.detector.Detector.isValid(II)Z @ 16
Event: 17.315 Thread 0x00007f9818001800 Uncommon trap: reason=unstable_if action=reinterpret pc=0x00007f9889432488 method=com.google.zxing.qrcode.detector.FinderPatternFinder.find(Ljava/util/Map;)Lcom/google/zxing/qrcode/detector/FinderPatternInfo; @ 82
Event: 17.423 Thread 0x00007f9818001800 Uncommon trap: reason=unstable_if action=reinterpret pc=0x00007f98892bd794 method=com.google.zxing.qrcode.detector.FinderPatternFinder.find(Ljava/util/Map;)Lcom/google/zxing/qrcode/detector/FinderPatternInfo; @ 82
Event: 19.231 Thread 0x00007f9818001800 Uncommon trap: reason=unstable_if action=reinterpret pc=0x00007f98893f5ffc method=java.util.concurrent.locks.ReentrantLock$Sync.nonfairTryAcquire(I)Z @ 19
Event: 46.927 Thread 0x00007f989823e800 Uncommon trap: reason=unstable_if action=reinterpret pc=0x00007f9889647ec4 method=java.util.concurrent.locks.ReentrantLock$Sync.isHeldExclusively()Z @ 7
Event: 47.038 Thread 0x00007f9834012000 Uncommon trap: reason=unstable_if action=reinterpret pc=0x00007f9889746d60 method=com.google.zxing.oned.UPCEReader.determineNumSysAndCheckDigit(Ljava/lang/StringBuilder;I)V @ 23
Event: 47.840 Thread 0x00007f989823e800 Uncommon trap: reason=class_check action=maybe_recompile pc=0x00007f98896edcc8 method=sun.java2d.SurfaceData.getSourceSurfaceData(Ljava/awt/Image;ILsun/java2d/loops/CompositeType;Ljava/awt/Color;)Lsun/java2d/SurfaceData; @ 38

Classes redefined (0 events):
No events

Internal exceptions (10 events):
Event: 0.019 Thread 0x00007f989800b800 Exception <a 'java/lang/NoSuchMethodError': Method sun.misc.Unsafe.prefetchRead(Ljava/lang/Object;J)V name or signature does not match> (0x00000000d7d07f98) thrown at [/HUDSON/workspace/8-2-build-linux-amd64/jdk8u191/11894/hotspot/src/share/vm/prims/jni.c
Event: 0.056 Thread 0x00007f989800b800 Exception <a 'java/security/PrivilegedActionException'> (0x00000000d7d8f080) thrown at [/HUDSON/workspace/8-2-build-linux-amd64/jdk8u191/11894/hotspot/src/share/vm/prims/jvm.cpp, line 1435]
Event: 0.056 Thread 0x00007f989800b800 Exception <a 'java/security/PrivilegedActionException'> (0x00000000d7d8f290) thrown at [/HUDSON/workspace/8-2-build-linux-amd64/jdk8u191/11894/hotspot/src/share/vm/prims/jvm.cpp, line 1435]
Event: 0.057 Thread 0x00007f989800b800 Exception <a 'java/security/PrivilegedActionException'> (0x00000000d7d916f8) thrown at [/HUDSON/workspace/8-2-build-linux-amd64/jdk8u191/11894/hotspot/src/share/vm/prims/jvm.cpp, line 1435]
Event: 0.057 Thread 0x00007f989800b800 Exception <a 'java/security/PrivilegedActionException'> (0x00000000d7d91908) thrown at [/HUDSON/workspace/8-2-build-linux-amd64/jdk8u191/11894/hotspot/src/share/vm/prims/jvm.cpp, line 1435]
Event: 0.078 Thread 0x00007f989800b800 Exception <a 'java/lang/NoSuchFieldError': method resolution failed> (0x00000000d7efd778) thrown at [/HUDSON/workspace/8-2-build-linux-amd64/jdk8u191/11894/hotspot/src/share/vm/prims/methodHandles.cpp, line 1167]
Event: 0.079 Thread 0x00007f989800b800 Exception <a 'java/lang/NoSuchFieldError': method resolution failed> (0x00000000d7f0af48) thrown at [/HUDSON/workspace/8-2-build-linux-amd64/jdk8u191/11894/hotspot/src/share/vm/prims/methodHandles.cpp, line 1167]
Event: 0.090 Thread 0x00007f989800b800 Exception <a 'java/io/FileNotFoundException'> (0x00000000d7f89720) thrown at [/HUDSON/workspace/8-2-build-linux-amd64/jdk8u191/11894/hotspot/src/share/vm/prims/jni.cpp, line 709]
Event: 0.090 Thread 0x00007f989800b800 Exception <a 'java/io/FileNotFoundException'> (0x00000000d7f8a0b0) thrown at [/HUDSON/workspace/8-2-build-linux-amd64/jdk8u191/11894/hotspot/src/share/vm/prims/jni.cpp, line 709]
Event: 0.367 Thread 0x00007f989823e800 Exception <a 'java/lang/UnsupportedOperationException': > (0x00000000d8f11220) thrown at [/HUDSON/workspace/8-2-build-linux-amd64/jdk8u191/11894/hotspot/src/share/vm/prims/jni.cpp, line 735]

Events (10 events):
Event: 47.840 Thread 0x00007f989823e800 DEOPT PACKING pc=0x00007f98896edcc8 sp=0x00007f9864cc3990
Event: 47.840 Thread 0x00007f989823e800 DEOPT UNPACKING pc=0x00007f988904573a sp=0x00007f9864cc3958 mode 2
Event: 47.916 Executing VM operation: ParallelGCFailedAllocation
Event: 47.930 Executing VM operation: ParallelGCFailedAllocation done
Event: 49.783 Executing VM operation: ParallelGCFailedAllocation
Event: 49.787 Executing VM operation: ParallelGCFailedAllocation done
Event: 51.575 Executing VM operation: ParallelGCFailedAllocation
Event: 51.580 Executing VM operation: ParallelGCFailedAllocation done
Event: 53.292 Executing VM operation: ParallelGCFailedAllocation
Event: 53.305 Executing VM operation: ParallelGCFailedAllocation done


Dynamic libraries:
00400000-00401000 r-xp 00000000 08:03 9704454                            /usr/lib/jvm/java-8-oracle/bin/java
00600000-00601000 r--p 00000000 08:03 9704454                            /usr/lib/jvm/java-8-oracle/bin/java
00601000-00602000 rw-p 00001000 08:03 9704454                            /usr/lib/jvm/java-8-oracle/bin/java
01ae9000-01b0a000 rw-p 00000000 00:00 0                                  [heap]
87600000-91c80000 rw-p 00000000 00:00 0 
91c80000-d7d00000 ---p 00000000 00:00 0 
d7d00000-f0600000 rw-p 00000000 00:00 0 
f0600000-100000000 ---p 00000000 00:00 0 
100000000-100180000 rw-p 00000000 00:00 0 
100180000-140000000 ---p 00000000 00:00 0 
7f9808000000-7f9809679000 rw-p 00000000 00:00 0 
7f9809679000-7f980c000000 ---p 00000000 00:00 0 
7f980c000000-7f980d6a9000 rw-p 00000000 00:00 0 
7f980d6a9000-7f9810000000 ---p 00000000 00:00 0 
7f9810000000-7f981167b000 rw-p 00000000 00:00 0 
7f981167b000-7f9814000000 ---p 00000000 00:00 0 
7f9814000000-7f9815672000 rw-p 00000000 00:00 0 
7f9815672000-7f9818000000 ---p 00000000 00:00 0 
7f9818000000-7f9819671000 rw-p 00000000 00:00 0 
7f9819671000-7f981c000000 ---p 00000000 00:00 0 
7f981c000000-7f981d67c000 rw-p 00000000 00:00 0 
7f981d67c000-7f9820000000 ---p 00000000 00:00 0 
7f9820000000-7f982166c000 rw-p 00000000 00:00 0 
7f982166c000-7f9824000000 ---p 00000000 00:00 0 
7f9824000000-7f9824fd7000 rw-p 00000000 00:00 0 
7f9824fd7000-7f9828000000 ---p 00000000 00:00 0 
7f9828000000-7f9829688000 rw-p 00000000 00:00 0 
7f9829688000-7f982c000000 ---p 00000000 00:00 0 
7f982f4f7000-7f982f4fa000 ---p 00000000 00:00 0 
7f982f4fa000-7f982f5f8000 rw-p 00000000 00:00 0 
7f982f5f8000-7f982f5fb000 ---p 00000000 00:00 0 
7f982f5fb000-7f982f6f9000 rw-p 00000000 00:00 0 
7f982f6f9000-7f982f6fc000 ---p 00000000 00:00 0 
7f982f6fc000-7f982f93a000 rw-p 00000000 00:00 0 
7f982f93a000-7f982f9fa000 ---p 00000000 00:00 0 
7f982f9fa000-7f982f9fd000 ---p 00000000 00:00 0 
7f982f9fd000-7f982fafb000 rw-p 00000000 00:00 0 
7f982fafb000-7f982fafe000 ---p 00000000 00:00 0 
7f982fafe000-7f982fbfc000 rw-p 00000000 00:00 0 
7f982fbfc000-7f982fbff000 ---p 00000000 00:00 0 
7f982fbff000-7f982fcfd000 rw-p 00000000 00:00 0 
7f982fcfd000-7f982fd00000 ---p 00000000 00:00 0 
7f982fd00000-7f982fdfe000 rw-p 00000000 00:00 0 
7f982fdfe000-7f982fe01000 ---p 00000000 00:00 0 
7f982fe01000-7f982feff000 rw-p 00000000 00:00 0 
7f982feff000-7f982ff02000 ---p 00000000 00:00 0 
7f982ff02000-7f9830000000 rw-p 00000000 00:00 0 
7f9830000000-7f9830021000 rw-p 00000000 00:00 0 
7f9830021000-7f9834000000 ---p 00000000 00:00 0 
7f9834000000-7f983595f000 rw-p 00000000 00:00 0 
7f983595f000-7f9838000000 ---p 00000000 00:00 0 
7f9838000000-7f9838a52000 rw-p 00000000 00:00 0 
7f9838a52000-7f983c000000 ---p 00000000 00:00 0 
7f983c000000-7f983c021000 rw-p 00000000 00:00 0 
7f983c021000-7f9840000000 ---p 00000000 00:00 0 
7f9840000000-7f984002d000 rw-p 00000000 00:00 0 
7f984002d000-7f9844000000 ---p 00000000 00:00 0 
7f9844000000-7f9844021000 rw-p 00000000 00:00 0 
7f9844021000-7f9848000000 ---p 00000000 00:00 0 
7f9848000000-7f9848021000 rw-p 00000000 00:00 0 
7f9848021000-7f984c000000 ---p 00000000 00:00 0 
7f984c000000-7f984c025000 rw-p 00000000 00:00 0 
7f984c025000-7f9850000000 ---p 00000000 00:00 0 
7f9850000000-7f98502f8000 rw-p 00000000 00:00 0 
7f98502f8000-7f9854000000 ---p 00000000 00:00 0 
7f9854000000-7f9854021000 rw-p 00000000 00:00 0 
7f9854021000-7f9858000000 ---p 00000000 00:00 0 
7f9858000000-7f98589a0000 rw-p 00000000 00:00 0 
7f98589a0000-7f985c000000 ---p 00000000 00:00 0 
7f985c000000-7f985cc63000 rw-p 00000000 00:00 0 
7f985cc63000-7f9860000000 ---p 00000000 00:00 0 
7f9860000000-7f9860021000 rw-p 00000000 00:00 0 
7f9860021000-7f9864000000 ---p 00000000 00:00 0 
7f9864028000-7f9864094000 r-xp 00000000 08:03 13371569                   /usr/lib/jvm/java-8-oracle/jre/lib/amd64/libt2k.so
7f9864094000-7f9864294000 ---p 0006c000 08:03 13371569                   /usr/lib/jvm/java-8-oracle/jre/lib/amd64/libt2k.so
7f9864294000-7f986429a000 r--p 0006c000 08:03 13371569                   /usr/lib/jvm/java-8-oracle/jre/lib/amd64/libt2k.so
7f986429a000-7f986429b000 rw-p 00072000 08:03 13371569                   /usr/lib/jvm/java-8-oracle/jre/lib/amd64/libt2k.so
7f986429b000-7f98642ac000 r-xp 00000000 08:03 13371610                   /usr/lib/jvm/java-8-oracle/jre/lib/amd64/libnio.so
7f98642ac000-7f98644ab000 ---p 00011000 08:03 13371610                   /usr/lib/jvm/java-8-oracle/jre/lib/amd64/libnio.so
7f98644ab000-7f98644ac000 r--p 00010000 08:03 13371610                   /usr/lib/jvm/java-8-oracle/jre/lib/amd64/libnio.so
7f98644ac000-7f98644ad000 rw-p 00011000 08:03 13371610                   /usr/lib/jvm/java-8-oracle/jre/lib/amd64/libnio.so
7f98644ad000-7f98644c3000 r-xp 00000000 08:03 13371607                   /usr/lib/jvm/java-8-oracle/jre/lib/amd64/libnet.so
7f98644c3000-7f98646c2000 ---p 00016000 08:03 13371607                   /usr/lib/jvm/java-8-oracle/jre/lib/amd64/libnet.so
7f98646c2000-7f98646c3000 r--p 00015000 08:03 13371607                   /usr/lib/jvm/java-8-oracle/jre/lib/amd64/libnet.so
7f98646c3000-7f98646c4000 rw-p 00016000 08:03 13371607                   /usr/lib/jvm/java-8-oracle/jre/lib/amd64/libnet.so
7f98646c4000-7f98648c4000 rw-p 00000000 00:00 0 
7f98648c4000-7f98648c7000 ---p 00000000 00:00 0 
7f98648c7000-7f98649c5000 rw-p 00000000 00:00 0 
7f98649c5000-7f98649c8000 ---p 00000000 00:00 0 
7f98649c8000-7f9864ac6000 rw-p 00000000 00:00 0 
7f9864ac6000-7f9864ac9000 ---p 00000000 00:00 0 
7f9864ac9000-7f9864bc7000 rw-p 00000000 00:00 0 
7f9864bc7000-7f9864bca000 ---p 00000000 00:00 0 
7f9864bca000-7f9864cc8000 rw-p 00000000 00:00 0 
7f9864cc8000-7f9864ccb000 ---p 00000000 00:00 0 
7f9864ccb000-7f9864dc9000 rw-p 00000000 00:00 0 
7f9864dc9000-7f9864dcc000 ---p 00000000 00:00 0 
7f9864dcc000-7f9864eca000 rw-p 00000000 00:00 0 
7f9864eca000-7f9864ecf000 r-xp 00000000 08:03 9707147                    /usr/lib/x86_64-linux-gnu/libXfixes.so.3.1.0
7f9864ecf000-7f98650ce000 ---p 00005000 08:03 9707147                    /usr/lib/x86_64-linux-gnu/libXfixes.so.3.1.0
7f98650ce000-7f98650cf000 r--p 00004000 08:03 9707147                    /usr/lib/x86_64-linux-gnu/libXfixes.so.3.1.0
7f98650cf000-7f98650d0000 rw-p 00005000 08:03 9707147                    /usr/lib/x86_64-linux-gnu/libXfixes.so.3.1.0
7f98650d0000-7f98650d9000 r-xp 00000000 08:03 9707139                    /usr/lib/x86_64-linux-gnu/libXcursor.so.1.0.2
7f98650d9000-7f98652d8000 ---p 00009000 08:03 9707139                    /usr/lib/x86_64-linux-gnu/libXcursor.so.1.0.2
7f98652d8000-7f98652d9000 r--p 00008000 08:03 9707139                    /usr/lib/x86_64-linux-gnu/libXcursor.so.1.0.2
7f98652d9000-7f98652da000 rw-p 00009000 08:03 9707139                    /usr/lib/x86_64-linux-gnu/libXcursor.so.1.0.2
7f98652da000-7f98652dd000 ---p 00000000 00:00 0 
7f98652dd000-7f98653db000 rw-p 00000000 00:00 0 
7f98653db000-7f98653f2000 r-xp 00000000 08:03 524377                     /lib/x86_64-linux-gnu/libgcc_s.so.1
7f98653f2000-7f98655f1000 ---p 00017000 08:03 524377                     /lib/x86_64-linux-gnu/libgcc_s.so.1
7f98655f1000-7f98655f2000 r--p 00016000 08:03 524377                     /lib/x86_64-linux-gnu/libgcc_s.so.1
7f98655f2000-7f98655f3000 rw-p 00017000 08:03 524377                     /lib/x86_64-linux-gnu/libgcc_s.so.1
7f98655f3000-7f9865650000 r-xp 00000000 08:03 13371587                   /usr/lib/jvm/java-8-oracle/jre/lib/amd64/libfontmanager.so
7f9865650000-7f9865850000 ---p 0005d000 08:03 13371587                   /usr/lib/jvm/java-8-oracle/jre/lib/amd64/libfontmanager.so
7f9865850000-7f9865853000 r--p 0005d000 08:03 13371587                   /usr/lib/jvm/java-8-oracle/jre/lib/amd64/libfontmanager.so
7f9865853000-7f9865854000 rw-p 00060000 08:03 13371587                   /usr/lib/jvm/java-8-oracle/jre/lib/amd64/libfontmanager.so
7f9865854000-7f9865867000 r-xp 00000000 08:03 529058                     /lib/x86_64-linux-gnu/libbsd.so.0.8.7
7f9865867000-7f9865a66000 ---p 00013000 08:03 529058                     /lib/x86_64-linux-gnu/libbsd.so.0.8.7
7f9865a66000-7f9865a67000 r--p 00012000 08:03 529058                     /lib/x86_64-linux-gnu/libbsd.so.0.8.7
7f9865a67000-7f9865a68000 rw-p 00013000 08:03 529058                     /lib/x86_64-linux-gnu/libbsd.so.0.8.7
7f9865a68000-7f9865a69000 rw-p 00000000 00:00 0 
7f9865a69000-7f9865a6e000 r-xp 00000000 08:03 9707143                    /usr/lib/x86_64-linux-gnu/libXdmcp.so.6.0.0
7f9865a6e000-7f9865c6d000 ---p 00005000 08:03 9707143                    /usr/lib/x86_64-linux-gnu/libXdmcp.so.6.0.0
7f9865c6d000-7f9865c6e000 r--p 00004000 08:03 9707143                    /usr/lib/x86_64-linux-gnu/libXdmcp.so.6.0.0
7f9865c6e000-7f9865c6f000 rw-p 00005000 08:03 9707143                    /usr/lib/x86_64-linux-gnu/libXdmcp.so.6.0.0
7f9865c6f000-7f9865c71000 r-xp 00000000 08:03 9707132                    /usr/lib/x86_64-linux-gnu/libXau.so.6.0.0
7f9865c71000-7f9865e71000 ---p 00002000 08:03 9707132                    /usr/lib/x86_64-linux-gnu/libXau.so.6.0.0
7f9865e71000-7f9865e72000 r--p 00002000 08:03 9707132                    /usr/lib/x86_64-linux-gnu/libXau.so.6.0.0
7f9865e72000-7f9865e73000 rw-p 00003000 08:03 9707132                    /usr/lib/x86_64-linux-gnu/libXau.so.6.0.0
7f9865e73000-7f9865e99000 r-xp 00000000 08:03 9708336                    /usr/lib/x86_64-linux-gnu/libxcb.so.1.1.0
7f9865e99000-7f9866099000 ---p 00026000 08:03 9708336                    /usr/lib/x86_64-linux-gnu/libxcb.so.1.1.0
7f9866099000-7f986609a000 r--p 00026000 08:03 9708336                    /usr/lib/x86_64-linux-gnu/libxcb.so.1.1.0
7f986609a000-7f986609b000 rw-p 00027000 08:03 9708336                    /usr/lib/x86_64-linux-gnu/libxcb.so.1.1.0
7f986609b000-7f98660aa000 r-xp 00000000 08:03 9707153                    /usr/lib/x86_64-linux-gnu/libXi.so.6.1.0
7f98660aa000-7f98662a9000 ---p 0000f000 08:03 9707153                    /usr/lib/x86_64-linux-gnu/libXi.so.6.1.0
7f98662a9000-7f98662aa000 r--p 0000e000 08:03 9707153                    /usr/lib/x86_64-linux-gnu/libXi.so.6.1.0
7f98662aa000-7f98662ab000 rw-p 0000f000 08:03 9707153                    /usr/lib/x86_64-linux-gnu/libXi.so.6.1.0
7f98662ab000-7f98662b0000 r-xp 00000000 08:03 9707171                    /usr/lib/x86_64-linux-gnu/libXtst.so.6.1.0
7f98662b0000-7f98664af000 ---p 00005000 08:03 9707171                    /usr/lib/x86_64-linux-gnu/libXtst.so.6.1.0
7f98664af000-7f98664b0000 r--p 00004000 08:03 9707171                    /usr/lib/x86_64-linux-gnu/libXtst.so.6.1.0
7f98664b0000-7f98664b1000 rw-p 00005000 08:03 9707171                    /usr/lib/x86_64-linux-gnu/libXtst.so.6.1.0
7f98664b1000-7f98664ba000 r-xp 00000000 08:03 9707165                    /usr/lib/x86_64-linux-gnu/libXrender.so.1.3.0
7f98664ba000-7f98666b9000 ---p 00009000 08:03 9707165                    /usr/lib/x86_64-linux-gnu/libXrender.so.1.3.0
7f98666b9000-7f98666ba000 r--p 00008000 08:03 9707165                    /usr/lib/x86_64-linux-gnu/libXrender.so.1.3.0
7f98666ba000-7f98666bb000 rw-p 00009000 08:03 9707165                    /usr/lib/x86_64-linux-gnu/libXrender.so.1.3.0
7f98666bb000-7f98667ee000 r-xp 00000000 08:03 9700009                    /usr/lib/x86_64-linux-gnu/libX11.so.6.3.0
7f98667ee000-7f98669ee000 ---p 00133000 08:03 9700009                    /usr/lib/x86_64-linux-gnu/libX11.so.6.3.0
7f98669ee000-7f98669ef000 r--p 00133000 08:03 9700009                    /usr/lib/x86_64-linux-gnu/libX11.so.6.3.0
7f98669ef000-7f98669f3000 rw-p 00134000 08:03 9700009                    /usr/lib/x86_64-linux-gnu/libX11.so.6.3.0
7f98669f3000-7f9866a04000 r-xp 00000000 08:03 9707145                    /usr/lib/x86_64-linux-gnu/libXext.so.6.4.0
7f9866a04000-7f9866c03000 ---p 00011000 08:03 9707145                    /usr/lib/x86_64-linux-gnu/libXext.so.6.4.0
7f9866c03000-7f9866c04000 r--p 00010000 08:03 9707145                    /usr/lib/x86_64-linux-gnu/libXext.so.6.4.0
7f9866c04000-7f9866c05000 rw-p 00011000 08:03 9707145                    /usr/lib/x86_64-linux-gnu/libXext.so.6.4.0
7f9866c05000-7f9866c58000 r-xp 00000000 08:03 13371614                   /usr/lib/jvm/java-8-oracle/jre/lib/amd64/libawt_xawt.so
7f9866c58000-7f9866e57000 ---p 00053000 08:03 13371614                   /usr/lib/jvm/java-8-oracle/jre/lib/amd64/libawt_xawt.so
7f9866e57000-7f9866e58000 r--p 00052000 08:03 13371614                   /usr/lib/jvm/java-8-oracle/jre/lib/amd64/libawt_xawt.so
7f9866e58000-7f9866e5b000 rw-p 00053000 08:03 13371614                   /usr/lib/jvm/java-8-oracle/jre/lib/amd64/libawt_xawt.so
7f9866e5b000-7f9866e5c000 rw-p 00000000 00:00 0 
7f9866e5c000-7f9866efb000 r-xp 00000000 08:03 13371600                   /usr/lib/jvm/java-8-oracle/jre/lib/amd64/libawt.so
7f9866efb000-7f98670fb000 ---p 0009f000 08:03 13371600                   /usr/lib/jvm/java-8-oracle/jre/lib/amd64/libawt.so
7f98670fb000-7f98670fc000 r--p 0009f000 08:03 13371600                   /usr/lib/jvm/java-8-oracle/jre/lib/amd64/libawt.so
7f98670fc000-7f9867107000 rw-p 000a0000 08:03 13371600                   /usr/lib/jvm/java-8-oracle/jre/lib/amd64/libawt.so
7f9867107000-7f986712c000 rw-p 00000000 00:00 0 
7f986712c000-7f986712d000 ---p 00000000 00:00 0 
7f986712d000-7f986722d000 rw-p 00000000 00:00 0 
7f986722d000-7f9867230000 ---p 00000000 00:00 0 
7f9867230000-7f986732e000 rw-p 00000000 00:00 0 
7f986732e000-7f986732f000 ---p 00000000 00:00 0 
7f986732f000-7f9867332000 ---p 00000000 00:00 0 
7f9867332000-7f986742f000 rw-p 00000000 00:00 0 
7f986742f000-7f9867430000 ---p 00000000 00:00 0 
7f9867430000-7f9867433000 ---p 00000000 00:00 0 
7f9867433000-7f9867530000 rw-p 00000000 00:00 0 
7f9867530000-7f9867531000 ---p 00000000 00:00 0 
7f9867531000-7f9867534000 ---p 00000000 00:00 0 
7f9867534000-7f9867631000 rw-p 00000000 00:00 0 
7f9867631000-7f9868000000 r--p 00000000 08:03 9706104                    /usr/lib/locale/locale-archive
7f9868000000-7f9868021000 rw-p 00000000 00:00 0 
7f9868021000-7f986c000000 ---p 00000000 00:00 0 
7f986c000000-7f986c021000 rw-p 00000000 00:00 0 
7f986c021000-7f9870000000 ---p 00000000 00:00 0 
7f9870000000-7f9870021000 rw-p 00000000 00:00 0 
7f9870021000-7f9874000000 ---p 00000000 00:00 0 
7f9874000000-7f9874021000 rw-p 00000000 00:00 0 
7f9874021000-7f9878000000 ---p 00000000 00:00 0 
7f98780ad000-7f98780b0000 ---p 00000000 00:00 0 
7f98780b0000-7f98781ae000 rw-p 00000000 00:00 0 
7f98781ae000-7f98781b1000 ---p 00000000 00:00 0 
7f98781b1000-7f98782af000 rw-p 00000000 00:00 0 
7f98782af000-7f98782b2000 ---p 00000000 00:00 0 
7f98782b2000-7f987c000000 rw-p 00000000 00:00 0 
7f987c000000-7f987c021000 rw-p 00000000 00:00 0 
7f987c021000-7f9880000000 ---p 00000000 00:00 0 
7f9880000000-7f9880021000 rw-p 00000000 00:00 0 
7f9880021000-7f9884000000 ---p 00000000 00:00 0 
7f9884000000-7f9884021000 rw-p 00000000 00:00 0 
7f9884021000-7f9888000000 ---p 00000000 00:00 0 
7f98880f1000-7f98880f2000 ---p 00000000 00:00 0 
7f98880f2000-7f9889000000 rw-p 00000000 00:00 0 
7f9889000000-7f9889800000 rwxp 00000000 00:00 0 
7f9889800000-7f9898000000 ---p 00000000 00:00 0 
7f9898000000-7f98984d5000 rw-p 00000000 00:00 0 
7f98984d5000-7f989c000000 ---p 00000000 00:00 0 
7f989c062000-7f989c063000 r--s 0000c000 08:03 4458289                    /home/aritra/eclipse-workspace/MouseTrackingJava/lib/json.jar
7f989c063000-7f989c065000 r--s 0001e000 08:03 4457157                    /home/aritra/eclipse-workspace/MouseTrackingJava/lib/curve25519.jar
7f989c065000-7f989c067000 r--s 00009000 08:03 4457156                    /home/aritra/eclipse-workspace/MouseTrackingJava/lib/javase-3.3.4-SNAPSHOT.jar
7f989c067000-7f989c06e000 r--s 0007e000 08:03 4457154                    /home/aritra/eclipse-workspace/MouseTrackingJava/lib/core-3.3.4-SNAPSHOT.jar
7f989c06e000-7f989c242000 rw-p 00000000 00:00 0 
7f989c242000-7f989c41c000 r--s 03d6c000 08:03 13371390                   /usr/lib/jvm/java-8-oracle/jre/lib/rt.jar
7f989c41c000-7f989d057000 rw-p 00000000 00:00 0 
7f989d057000-7f989d058000 ---p 00000000 00:00 0 
7f989d058000-7f989d158000 rw-p 00000000 00:00 0 
7f989d158000-7f989d159000 ---p 00000000 00:00 0 
7f989d159000-7f989d259000 rw-p 00000000 00:00 0 
7f989d259000-7f989d25a000 ---p 00000000 00:00 0 
7f989d25a000-7f989d35a000 rw-p 00000000 00:00 0 
7f989d35a000-7f989d35b000 ---p 00000000 00:00 0 
7f989d35b000-7f989d4af000 rw-p 00000000 00:00 0 
7f989d4af000-7f989d6df000 ---p 00000000 00:00 0 
7f989d6df000-7f989d733000 rw-p 00000000 00:00 0 
7f989d733000-7f989d962000 ---p 00000000 00:00 0 
7f989d962000-7f989da27000 rw-p 00000000 00:00 0 
7f989da27000-7f989daa4000 ---p 00000000 00:00 0 
7f989daa4000-7f989dac5000 rw-p 00000000 00:00 0 
7f989dac5000-7f989de65000 ---p 00000000 00:00 0 
7f989de65000-7f989de7f000 r-xp 00000000 08:03 13371603                   /usr/lib/jvm/java-8-oracle/jre/lib/amd64/libzip.so
7f989de7f000-7f989e07f000 ---p 0001a000 08:03 13371603                   /usr/lib/jvm/java-8-oracle/jre/lib/amd64/libzip.so
7f989e07f000-7f989e080000 r--p 0001a000 08:03 13371603                   /usr/lib/jvm/java-8-oracle/jre/lib/amd64/libzip.so
7f989e080000-7f989e081000 rw-p 0001b000 08:03 13371603                   /usr/lib/jvm/java-8-oracle/jre/lib/amd64/libzip.so
7f989e081000-7f989e08c000 r-xp 00000000 08:03 529152                     /lib/x86_64-linux-gnu/libnss_files-2.27.so
7f989e08c000-7f989e28b000 ---p 0000b000 08:03 529152                     /lib/x86_64-linux-gnu/libnss_files-2.27.so
7f989e28b000-7f989e28c000 r--p 0000a000 08:03 529152                     /lib/x86_64-linux-gnu/libnss_files-2.27.so
7f989e28c000-7f989e28d000 rw-p 0000b000 08:03 529152                     /lib/x86_64-linux-gnu/libnss_files-2.27.so
7f989e28d000-7f989e293000 rw-p 00000000 00:00 0 
7f989e293000-7f989e2aa000 r-xp 00000000 08:03 529146                     /lib/x86_64-linux-gnu/libnsl-2.27.so
7f989e2aa000-7f989e4a9000 ---p 00017000 08:03 529146                     /lib/x86_64-linux-gnu/libnsl-2.27.so
7f989e4a9000-7f989e4aa000 r--p 00016000 08:03 529146                     /lib/x86_64-linux-gnu/libnsl-2.27.so
7f989e4aa000-7f989e4ab000 rw-p 00017000 08:03 529146                     /lib/x86_64-linux-gnu/libnsl-2.27.so
7f989e4ab000-7f989e4ad000 rw-p 00000000 00:00 0 
7f989e4ad000-7f989e4b8000 r-xp 00000000 08:03 529163                     /lib/x86_64-linux-gnu/libnss_nis-2.27.so
7f989e4b8000-7f989e6b7000 ---p 0000b000 08:03 529163                     /lib/x86_64-linux-gnu/libnss_nis-2.27.so
7f989e6b7000-7f989e6b8000 r--p 0000a000 08:03 529163                     /lib/x86_64-linux-gnu/libnss_nis-2.27.so
7f989e6b8000-7f989e6b9000 rw-p 0000b000 08:03 529163                     /lib/x86_64-linux-gnu/libnss_nis-2.27.so
7f989e6b9000-7f989e6c1000 r-xp 00000000 08:03 529148                     /lib/x86_64-linux-gnu/libnss_compat-2.27.so
7f989e6c1000-7f989e8c1000 ---p 00008000 08:03 529148                     /lib/x86_64-linux-gnu/libnss_compat-2.27.so
7f989e8c1000-7f989e8c2000 r--p 00008000 08:03 529148                     /lib/x86_64-linux-gnu/libnss_compat-2.27.so
7f989e8c2000-7f989e8c3000 rw-p 00009000 08:03 529148                     /lib/x86_64-linux-gnu/libnss_compat-2.27.so
7f989e8c3000-7f989e8f0000 r-xp 00000000 08:03 13371597                   /usr/lib/jvm/java-8-oracle/jre/lib/amd64/libjava.so
7f989e8f0000-7f989eaef000 ---p 0002d000 08:03 13371597                   /usr/lib/jvm/java-8-oracle/jre/lib/amd64/libjava.so
7f989eaef000-7f989eaf0000 r--p 0002c000 08:03 13371597                   /usr/lib/jvm/java-8-oracle/jre/lib/amd64/libjava.so
7f989eaf0000-7f989eaf2000 rw-p 0002d000 08:03 13371597                   /usr/lib/jvm/java-8-oracle/jre/lib/amd64/libjava.so
7f989eaf2000-7f989eaff000 r-xp 00000000 08:03 13371602                   /usr/lib/jvm/java-8-oracle/jre/lib/amd64/libverify.so
7f989eaff000-7f989ecfe000 ---p 0000d000 08:03 13371602                   /usr/lib/jvm/java-8-oracle/jre/lib/amd64/libverify.so
7f989ecfe000-7f989ed00000 r--p 0000c000 08:03 13371602                   /usr/lib/jvm/java-8-oracle/jre/lib/amd64/libverify.so
7f989ed00000-7f989ed01000 rw-p 0000e000 08:03 13371602                   /usr/lib/jvm/java-8-oracle/jre/lib/amd64/libverify.so
7f989ed01000-7f989ed08000 r-xp 00000000 08:03 529203                     /lib/x86_64-linux-gnu/librt-2.27.so
7f989ed08000-7f989ef07000 ---p 00007000 08:03 529203                     /lib/x86_64-linux-gnu/librt-2.27.so
7f989ef07000-7f989ef08000 r--p 00006000 08:03 529203                     /lib/x86_64-linux-gnu/librt-2.27.so
7f989ef08000-7f989ef09000 rw-p 00007000 08:03 529203                     /lib/x86_64-linux-gnu/librt-2.27.so
7f989ef09000-7f989f0a6000 r-xp 00000000 08:03 529125                     /lib/x86_64-linux-gnu/libm-2.27.so
7f989f0a6000-7f989f2a5000 ---p 0019d000 08:03 529125                     /lib/x86_64-linux-gnu/libm-2.27.so
7f989f2a5000-7f989f2a6000 r--p 0019c000 08:03 529125                     /lib/x86_64-linux-gnu/libm-2.27.so
7f989f2a6000-7f989f2a7000 rw-p 0019d000 08:03 529125                     /lib/x86_64-linux-gnu/libm-2.27.so
7f989f2a7000-7f989ff89000 r-xp 00000000 08:03 13371579                   /usr/lib/jvm/java-8-oracle/jre/lib/amd64/server/libjvm.so
7f989ff89000-7f98a0189000 ---p 00ce2000 08:03 13371579                   /usr/lib/jvm/java-8-oracle/jre/lib/amd64/server/libjvm.so
7f98a0189000-7f98a021f000 r--p 00ce2000 08:03 13371579                   /usr/lib/jvm/java-8-oracle/jre/lib/amd64/server/libjvm.so
7f98a021f000-7f98a0250000 rw-p 00d78000 08:03 13371579                   /usr/lib/jvm/java-8-oracle/jre/lib/amd64/server/libjvm.so
7f98a0250000-7f98a028b000 rw-p 00000000 00:00 0 
7f98a028b000-7f98a0472000 r-xp 00000000 08:03 529062                     /lib/x86_64-linux-gnu/libc-2.27.so
7f98a0472000-7f98a0672000 ---p 001e7000 08:03 529062                     /lib/x86_64-linux-gnu/libc-2.27.so
7f98a0672000-7f98a0676000 r--p 001e7000 08:03 529062                     /lib/x86_64-linux-gnu/libc-2.27.so
7f98a0676000-7f98a0678000 rw-p 001eb000 08:03 529062                     /lib/x86_64-linux-gnu/libc-2.27.so
7f98a0678000-7f98a067c000 rw-p 00000000 00:00 0 
7f98a067c000-7f98a067f000 r-xp 00000000 08:03 529085                     /lib/x86_64-linux-gnu/libdl-2.27.so
7f98a067f000-7f98a087e000 ---p 00003000 08:03 529085                     /lib/x86_64-linux-gnu/libdl-2.27.so
7f98a087e000-7f98a087f000 r--p 00002000 08:03 529085                     /lib/x86_64-linux-gnu/libdl-2.27.so
7f98a087f000-7f98a0880000 rw-p 00003000 08:03 529085                     /lib/x86_64-linux-gnu/libdl-2.27.so
7f98a0880000-7f98a0897000 r-xp 00000000 08:03 13371257                   /usr/lib/jvm/java-8-oracle/lib/amd64/jli/libjli.so
7f98a0897000-7f98a0a96000 ---p 00017000 08:03 13371257                   /usr/lib/jvm/java-8-oracle/lib/amd64/jli/libjli.so
7f98a0a96000-7f98a0a97000 r--p 00016000 08:03 13371257                   /usr/lib/jvm/java-8-oracle/lib/amd64/jli/libjli.so
7f98a0a97000-7f98a0a98000 rw-p 00017000 08:03 13371257                   /usr/lib/jvm/java-8-oracle/lib/amd64/jli/libjli.so
7f98a0a98000-7f98a0ab2000 r-xp 00000000 08:03 529195                     /lib/x86_64-linux-gnu/libpthread-2.27.so
7f98a0ab2000-7f98a0cb1000 ---p 0001a000 08:03 529195                     /lib/x86_64-linux-gnu/libpthread-2.27.so
7f98a0cb1000-7f98a0cb2000 r--p 00019000 08:03 529195                     /lib/x86_64-linux-gnu/libpthread-2.27.so
7f98a0cb2000-7f98a0cb3000 rw-p 0001a000 08:03 529195                     /lib/x86_64-linux-gnu/libpthread-2.27.so
7f98a0cb3000-7f98a0cb7000 rw-p 00000000 00:00 0 
7f98a0cb7000-7f98a0cde000 r-xp 00000000 08:03 529034                     /lib/x86_64-linux-gnu/ld-2.27.so
7f98a0cde000-7f98a0ce0000 r--s 0000d000 08:03 4456694                    /home/aritra/eclipse-workspace/MouseTrackingJava/lib/RXTXcomm.jar
7f98a0ce0000-7f98a0ce5000 r--s 00084000 08:03 13371307                   /usr/lib/jvm/java-8-oracle/jre/lib/jfr.jar
7f98a0ce5000-7f98a0cf8000 r--s 00345000 08:03 13371428                   /usr/lib/jvm/java-8-oracle/jre/lib/resources.jar
7f98a0cf8000-7f98a0dc2000 rw-p 00000000 00:00 0 
7f98a0dc2000-7f98a0dc3000 ---p 00000000 00:00 0 
7f98a0dc3000-7f98a0dc6000 ---p 00000000 00:00 0 
7f98a0dc6000-7f98a0ec7000 rw-p 00000000 00:00 0 
7f98a0ec7000-7f98a0ecc000 r--s 002f9000 08:03 13371388                   /usr/lib/jvm/java-8-oracle/jre/lib/charsets.jar
7f98a0ecc000-7f98a0ecf000 r--s 0001a000 08:03 13371623                   /usr/lib/jvm/java-8-oracle/jre/lib/jce.jar
7f98a0ecf000-7f98a0ed4000 r--s 000a0000 08:03 13371447                   /usr/lib/jvm/java-8-oracle/jre/lib/jsse.jar
7f98a0ed4000-7f98a0edc000 rw-s 00000000 08:03 7864373                    /tmp/hsperfdata_root/17260
7f98a0edc000-7f98a0edd000 rw-p 00000000 00:00 0 
7f98a0edd000-7f98a0ede000 r--p 00000000 00:00 0 
7f98a0ede000-7f98a0edf000 r--p 00027000 08:03 529034                     /lib/x86_64-linux-gnu/ld-2.27.so
7f98a0edf000-7f98a0ee0000 rw-p 00028000 08:03 529034                     /lib/x86_64-linux-gnu/ld-2.27.so
7f98a0ee0000-7f98a0ee1000 rw-p 00000000 00:00 0 
7ffd0b980000-7ffd0b9a2000 rw-p 00000000 00:00 0                          [stack]
7ffd0b9c2000-7ffd0b9c5000 r--p 00000000 00:00 0                          [vvar]
7ffd0b9c5000-7ffd0b9c7000 r-xp 00000000 00:00 0                          [vdso]
ffffffffff600000-ffffffffff601000 r-xp 00000000 00:00 0                  [vsyscall]

VM Arguments:
jvm_args: -Dfile.encoding=UTF-8 
java_command: app.CaptureScreen
java_class_path (initial): /usr/lib/jvm/java-8-oracle/jre/lib/resources.jar:/usr/lib/jvm/java-8-oracle/jre/lib/rt.jar:/usr/lib/jvm/java-8-oracle/jre/lib/jsse.jar:/usr/lib/jvm/java-8-oracle/jre/lib/jce.jar:/usr/lib/jvm/java-8-oracle/jre/lib/charsets.jar:/usr/lib/jvm/java-8-oracle/jre/lib/jfr.jar:/usr/lib/jvm/java-8-oracle/jre/lib/ext/jfxrt.jar:/usr/lib/jvm/java-8-oracle/jre/lib/ext/localedata.jar:/usr/lib/jvm/java-8-oracle/jre/lib/ext/cldrdata.jar:/usr/lib/jvm/java-8-oracle/jre/lib/ext/sunec.jar:/usr/lib/jvm/java-8-oracle/jre/lib/ext/jaccess.jar:/usr/lib/jvm/java-8-oracle/jre/lib/ext/dnsns.jar:/usr/lib/jvm/java-8-oracle/jre/lib/ext/sunpkcs11.jar:/usr/lib/jvm/java-8-oracle/jre/lib/ext/nashorn.jar:/usr/lib/jvm/java-8-oracle/jre/lib/ext/zipfs.jar:/usr/lib/jvm/java-8-oracle/jre/lib/ext/sunjce_provider.jar:/home/aritra/eclipse-workspace/MouseTrackingJava/bin:/home/aritra/eclipse-workspace/MouseTrackingJava/lib/RXTXcomm.jar:/home/aritra/eclipse-workspace/MouseTrackingJava/lib/core-3.3.4-SNAPSHOT.jar:/home/aritra/eclipse-workspace/MouseTrackingJava/lib/javase-3.3.4-SNAPSHOT.jar:/home/aritra/eclipse-workspace/MouseTrackingJava/lib:/home/aritra/eclipse-workspace/MouseTrackingJava/lib/curve25519.jar:/home/aritra/eclipse-workspace/MouseTrackingJava/lib/json.jar
Launcher Type: SUN_STANDARD

Environment Variables:
PATH=/usr/local/sbin:/usr/local/bin:/usr/sbin:/usr/bin:/sbin:/bin:/snap/bin
USERNAME=root
SHELL=/bin/bash
DISPLAY=:0

Signal Handlers:
SIGSEGV: [libjvm.so+0xaced60], sa_mask[0]=11111111011111111101111111111110, sa_flags=SA_RESTART|SA_SIGINFO
SIGBUS: [libjvm.so+0xaced60], sa_mask[0]=11111111011111111101111111111110, sa_flags=SA_RESTART|SA_SIGINFO
SIGFPE: [libjvm.so+0x907ca0], sa_mask[0]=11111111011111111101111111111110, sa_flags=SA_RESTART|SA_SIGINFO
SIGPIPE: [libjvm.so+0x907ca0], sa_mask[0]=11111111011111111101111111111110, sa_flags=SA_RESTART|SA_SIGINFO
SIGXFSZ: [libjvm.so+0x907ca0], sa_mask[0]=11111111011111111101111111111110, sa_flags=SA_RESTART|SA_SIGINFO
SIGILL: [libjvm.so+0x907ca0], sa_mask[0]=11111111011111111101111111111110, sa_flags=SA_RESTART|SA_SIGINFO
SIGUSR1: SIG_DFL, sa_mask[0]=00000000000000000000000000000000, sa_flags=none
SIGUSR2: [libjvm.so+0x907b70], sa_mask[0]=00100000000000000000000000000000, sa_flags=SA_RESTART|SA_SIGINFO
SIGHUP: [libjvm.so+0x908190], sa_mask[0]=11111111011111111101111111111110, sa_flags=SA_RESTART|SA_SIGINFO
SIGINT: [libjvm.so+0x908190], sa_mask[0]=11111111011111111101111111111110, sa_flags=SA_RESTART|SA_SIGINFO
SIGTERM: [libjvm.so+0x908190], sa_mask[0]=11111111011111111101111111111110, sa_flags=SA_RESTART|SA_SIGINFO
SIGQUIT: [libjvm.so+0x908190], sa_mask[0]=11111111011111111101111111111110, sa_flags=SA_RESTART|SA_SIGINFO


---------------  S Y S T E M  ---------------

OS:DISTRIB_ID=Ubuntu
DISTRIB_RELEASE=18.04
DISTRIB_CODENAME=bionic
DISTRIB_DESCRIPTION="Ubuntu 18.04.1 LTS"

uname:Linux 4.15.0-39-generic #42-Ubuntu SMP Tue Oct 23 15:48:01 UTC 2018 x86_64
libc:glibc 2.27 NPTL 2.27 
rlimit: STACK 8192k, CORE 0k, NPROC 30304, NOFILE 4096, AS infinity
load average:1.96 1.37 0.68

/proc/meminfo:
MemTotal:        7900244 kB
MemFree:         3297024 kB
MemAvailable:    4121608 kB
Buffers:          160548 kB
Cached:          1205260 kB
SwapCached:        49700 kB
Active:          3453532 kB
Inactive:         833840 kB
Active(anon):    2924032 kB
Inactive(anon):   373576 kB
Active(file):     529500 kB
Inactive(file):   460264 kB
Unevictable:         128 kB
Mlocked:             128 kB
SwapTotal:       2097148 kB
SwapFree:         778380 kB
Dirty:               224 kB
Writeback:             0 kB
AnonPages:       2871840 kB
Mapped:           503608 kB
Shmem:            376232 kB
Slab:             169692 kB
SReclaimable:     108524 kB
SUnreclaim:        61168 kB
KernelStack:       13680 kB
PageTables:        56852 kB
NFS_Unstable:          0 kB
Bounce:                0 kB
WritebackTmp:          0 kB
CommitLimit:     6047268 kB
Committed_AS:    8501568 kB
VmallocTotal:   34359738367 kB
VmallocUsed:           0 kB
VmallocChunk:          0 kB
HardwareCorrupted:     0 kB
AnonHugePages:         0 kB
ShmemHugePages:        0 kB
ShmemPmdMapped:        0 kB
CmaTotal:              0 kB
CmaFree:               0 kB
HugePages_Total:       0
HugePages_Free:        0
HugePages_Rsvd:        0
HugePages_Surp:        0
Hugepagesize:       2048 kB
DirectMap4k:      456940 kB
DirectMap2M:     7663616 kB
DirectMap1G:           0 kB

container (cgroup) information:
container_type: cgroupv1
cpu_cpuset_cpus: 0-3
cpu_memory_nodes: 0
active_processor_count: 4
cpu_quota: -1
cpu_period: 100000
cpu_shares: -1
memory_limit_in_bytes: -1
memory_and_swap_limit_in_bytes: -2
memory_soft_limit_in_bytes: -1
memory_usage_in_bytes: 4339859456
memory_max_usage_in_bytes: 4005888


CPU:total 4 (initial active 4) (4 cores per cpu, 2 threads per core) family 6 model 94 stepping 3, cmov, cx8, fxsr, mmx, sse, sse2, sse3, ssse3, sse4.1, sse4.2, popcnt, avx, avx2, aes, clmul, erms, rtm, 3dnowpref, lzcnt, ht, tsc, tscinvbit, bmi1, bmi2, adx

/proc/cpuinfo:
processor	: 0
vendor_id	: GenuineIntel
cpu family	: 6
model		: 94
model name	: Intel(R) Core(TM) i7-6700 CPU @ 3.40GHz
stepping	: 3
microcode	: 0xc6
cpu MHz		: 3700.365
cache size	: 8192 KB
physical id	: 0
siblings	: 4
core id		: 0
cpu cores	: 4
apicid		: 0
initial apicid	: 0
fpu		: yes
fpu_exception	: yes
cpuid level	: 22
wp		: yes
flags		: fpu vme de pse tsc msr pae mce cx8 apic sep mtrr pge mca cmov pat pse36 clflush dts acpi mmx fxsr sse sse2 ss ht tm pbe syscall nx pdpe1gb rdtscp lm constant_tsc art arch_perfmon pebs bts rep_good nopl xtopology nonstop_tsc cpuid aperfmperf tsc_known_freq pni pclmulqdq dtes64 monitor ds_cpl vmx smx est tm2 ssse3 sdbg fma cx16 xtpr pdcm pcid sse4_1 sse4_2 x2apic movbe popcnt tsc_deadline_timer aes xsave avx f16c rdrand lahf_lm abm 3dnowprefetch cpuid_fault epb invpcid_single pti ssbd ibrs ibpb stibp tpr_shadow vnmi flexpriority ept vpid fsgsbase tsc_adjust bmi1 hle avx2 smep bmi2 erms invpcid rtm mpx rdseed adx smap clflushopt intel_pt xsaveopt xsavec xgetbv1 xsaves dtherm ida arat pln pts hwp hwp_notify hwp_act_window hwp_epp flush_l1d
bugs		: cpu_meltdown spectre_v1 spectre_v2 spec_store_bypass l1tf
bogomips	: 6816.00
clflush size	: 64
cache_alignment	: 64
address sizes	: 39 bits physical, 48 bits virtual
power management:

processor	: 1
vendor_id	: GenuineIntel
cpu family	: 6
model		: 94
model name	: Intel(R) Core(TM) i7-6700 CPU @ 3.40GHz
stepping	: 3
microcode	: 0xc6
cpu MHz		: 3700.218
cache size	: 8192 KB
physical id	: 0
siblings	: 4
core id		: 1
cpu cores	: 4
apicid		: 2
initial apicid	: 2
fpu		: yes
fpu_exception	: yes
cpuid level	: 22
wp		: yes
flags		: fpu vme de pse tsc msr pae mce cx8 apic sep mtrr pge mca cmov pat pse36 clflush dts acpi mmx fxsr sse sse2 ss ht tm pbe syscall nx pdpe1gb rdtscp lm constant_tsc art arch_perfmon pebs bts rep_good nopl xtopology nonstop_tsc cpuid aperfmperf tsc_known_freq pni pclmulqdq dtes64 monitor ds_cpl vmx smx est tm2 ssse3 sdbg fma cx16 xtpr pdcm pcid sse4_1 sse4_2 x2apic movbe popcnt tsc_deadline_timer aes xsave avx f16c rdrand lahf_lm abm 3dnowprefetch cpuid_fault epb invpcid_single pti ssbd ibrs ibpb stibp tpr_shadow vnmi flexpriority ept vpid fsgsbase tsc_adjust bmi1 hle avx2 smep bmi2 erms invpcid rtm mpx rdseed adx smap clflushopt intel_pt xsaveopt xsavec xgetbv1 xsaves dtherm ida arat pln pts hwp hwp_notify hwp_act_window hwp_epp flush_l1d
bugs		: cpu_meltdown spectre_v1 spectre_v2 spec_store_bypass l1tf
bogomips	: 6816.00
clflush size	: 64
cache_alignment	: 64
address sizes	: 39 bits physical, 48 bits virtual
power management:

processor	: 2
vendor_id	: GenuineIntel
cpu family	: 6
model		: 94
model name	: Intel(R) Core(TM) i7-6700 CPU @ 3.40GHz
stepping	: 3
microcode	: 0xc6
cpu MHz		: 3699.769
cache size	: 8192 KB
physical id	: 0
siblings	: 4
core id		: 2
cpu cores	: 4
apicid		: 4
initial apicid	: 4
fpu		: yes
fpu_exception	: yes
cpuid level	: 22
wp		: yes
flags		: fpu vme de pse tsc msr pae mce cx8 apic sep mtrr pge mca cmov pat pse36 clflush dts acpi mmx fxsr sse sse2 ss ht tm pbe syscall nx pdpe1gb rdtscp lm constant_tsc art arch_perfmon pebs bts rep_good nopl xtopology nonstop_tsc cpuid aperfmperf tsc_known_freq pni pclmulqdq dtes64 monitor ds_cpl vmx smx est tm2 ssse3 sdbg fma cx16 xtpr pdcm pcid sse4_1 sse4_2 x2apic movbe popcnt tsc_deadline_timer aes xsave avx f16c rdrand lahf_lm abm 3dnowprefetch cpuid_fault epb invpcid_single pti ssbd ibrs ibpb stibp tpr_shadow vnmi flexpriority ept vpid fsgsbase tsc_adjust bmi1 hle avx2 smep bmi2 erms invpcid rtm mpx rdseed adx smap clflushopt intel_pt xsaveopt xsavec xgetbv1 xsaves dtherm ida arat pln pts hwp hwp_notify hwp_act_window hwp_epp flush_l1d
bugs		: cpu_meltdown spectre_v1 spectre_v2 spec_store_bypass l1tf
bogomips	: 6816.00
clflush size	: 64
cache_alignment	: 64
address sizes	: 39 bits physical, 48 bits virtual
power management:

processor	: 3
vendor_id	: GenuineIntel
cpu family	: 6
model		: 94
model name	: Intel(R) Core(TM) i7-6700 CPU @ 3.40GHz
stepping	: 3
microcode	: 0xc6
cpu MHz		: 3700.270
cache size	: 8192 KB
physical id	: 0
siblings	: 4
core id		: 3
cpu cores	: 4
apicid		: 6
initial apicid	: 6
fpu		: yes
fpu_exception	: yes
cpuid level	: 22
wp		: yes
flags		: fpu vme de pse tsc msr pae mce cx8 apic sep mtrr pge mca cmov pat pse36 clflush dts acpi mmx fxsr sse sse2 ss ht tm pbe syscall nx pdpe1gb rdtscp lm constant_tsc art arch_perfmon pebs bts rep_good nopl xtopology nonstop_tsc cpuid aperfmperf tsc_known_freq pni pclmulqdq dtes64 monitor ds_cpl vmx smx est tm2 ssse3 sdbg fma cx16 xtpr pdcm pcid sse4_1 sse4_2 x2apic movbe popcnt tsc_deadline_timer aes xsave avx f16c rdrand lahf_lm abm 3dnowprefetch cpuid_fault epb invpcid_single pti ssbd ibrs ibpb stibp tpr_shadow vnmi flexpriority ept vpid fsgsbase tsc_adjust bmi1 hle avx2 smep bmi2 erms invpcid rtm mpx rdseed adx smap clflushopt intel_pt xsaveopt xsavec xgetbv1 xsaves dtherm ida arat pln pts hwp hwp_notify hwp_act_window hwp_epp flush_l1d
bugs		: cpu_meltdown spectre_v1 spectre_v2 spec_store_bypass l1tf
bogomips	: 6816.00
clflush size	: 64
cache_alignment	: 64
address sizes	: 39 bits physical, 48 bits virtual
power management:



Memory: 4k page, physical 7900244k(3297736k free), swap 2097148k(778380k free)

vm_info: Java HotSpot(TM) 64-Bit Server VM (25.191-b12) for linux-amd64 JRE (1.8.0_191-b12), built on Oct  6 2018 05:43:09 by "java_re" with gcc 7.3.0

time: Fri Dec 21 11:29:28 2018
elapsed time: 54 seconds (0d 0h 0m 54s)

